No alive/dead information for patient ATP3.
No alive/dead information for patient THE054.
No alive/dead information for patient THE055.
No alive/dead information for patient THE056.
No alive/dead information for patient THE057.
No alive/dead information for patient THE058.
No alive/dead information for patient THE059.
No alive/dead information for patient THE107.
No alive/dead information for patient SKIC24.
No alive/dead information for patient SKIC25.
No alive/dead information for patient SKIC26.
No alive/dead information for patient SKIC256.
No alive/dead information for patient SKIC257.
No alive/dead information for patient SKIC258.
No alive/dead information for patient SKIC259.
No alive/dead information for patient SKIC260.
No alive/dead information for patient SKIC261.
No alive/dead information for patient SKIC262.
No alive/dead information for patient THES123_109.
No alive/dead information for patient THES123_110.
No alive/dead information for patient THES123_111.
No alive/dead information for patient THES123_112.
No alive/dead information for patient THES123_113.
No alive/dead information for patient THES123_114.
No alive/dead information for patient THES123_115.
No alive/dead information for patient THES123_116.
No alive/dead information for patient THES123_117.
No alive/dead information for patient THES123_118.
No alive/dead information for patient THES123_119.
No alive/dead information for patient THES123_120.
No alive/dead information for patient THES123_121.
No alive/dead information for patient THES123_122.
No alive/dead information for patient THES123_123.
No alive/dead information for patient THES123_124.
No alive/dead information for patient THES123_125.
No alive/dead information for patient THES123_126.
No alive/dead information for patient THES123_127.
No alive/dead information for patient THES123_128.
No alive/dead information for patient THES123_129.
No alive/dead information for patient THES123_130.
No alive/dead information for patient THES123_131.
No alive/dead information for patient THES123_132.
No alive/dead information for patient THES123_133.
No alive/dead information for patient THES123_134.
No alive/dead information for patient THES123_135.
No alive/dead information for patient THES123_136.
No alive/dead information for patient THES123_137.
No alive/dead information for patient THES123_138.
No alive/dead information for patient THES123_139.
No alive/dead information for patient THES123_140.
No alive/dead information for patient THES123_141.
No alive/dead information for patient THES123_142.
No alive/dead information for patient THES123_143.
No alive/dead information for patient THES123_144.
No alive/dead information for patient THES123_145.
No alive/dead information for patient THES123_146.
No alive/dead information for patient THES123_147.
No gene specified for patient THES123_152.
No alive/dead information for patient THES123_153.
No alive/dead information for patient THES123_154.
No alive/dead information for patient THES123_156.
No alive/dead information for patient THES123_157.
No alive/dead information for patient THES123_158.
No gene specified for patient THES123_158.
No alive/dead information for patient THES123_168.
No alive/dead information for patient THES123_259.
No alive/dead information for patient THES123_260.
No alive/dead information for patient THES123_261.
No alive/dead information for patient THES123_262.
No alive/dead information for patient THES123_263.
No alive/dead information for patient THES123_264.
No alive/dead information for patient THES123_265.
No alive/dead information for patient THES123_266.
No alive/dead information for patient THES123_267.
No alive/dead information for patient THES123_268.
No alive/dead information for patient THES123_269.
No alive/dead information for patient THES123_270.
No alive/dead information for patient THES123_293.
No alive/dead information for patient THES123_294.
No alive/dead information for patient THES123_295.
No alive/dead information for patient THES123_296.
No alive/dead information for patient THES123_297.
No alive/dead information for patient THES123_298.
No alive/dead information for patient THES123_299.
No alive/dead information for patient THES123_300.
No alive/dead information for patient THES123_301.
No alive/dead information for patient THES123_302.
No alive/dead information for patient THES123_303.
No alive/dead information for patient THES123_304.
No alive/dead information for patient THES123_305.
No alive/dead information for patient THES123_306.
No alive/dead information for patient THES123_307.
No alive/dead information for patient THES123_308.
No alive/dead information for patient THES123_309.
No alive/dead information for patient THES123_310.
No alive/dead information for patient THES123_311.
No alive/dead information for patient THES123_312.
No alive/dead information for patient THES123_313.
No alive/dead information for patient THES123_314.
No alive/dead information for patient THES123_315.
No alive/dead information for patient THES123_316.
No alive/dead information for patient THES123_317.
No alive/dead information for patient THES123_318.
No alive/dead information for patient THES123_319.
No alive/dead information for patient THES123_320.
No alive/dead information for patient THES123_321.
No alive/dead information for patient THES123_322.
No alive/dead information for patient THES123_323.
No alive/dead information for patient THES123_324.
No alive/dead information for patient THES123_325.
No alive/dead information for patient THES123_326.
No alive/dead information for patient THES123_327.
No alive/dead information for patient THES123_328.
No alive/dead information for patient THES123_329.
No alive/dead information for patient THES123_330.
No alive/dead information for patient THES123_331.
No alive/dead information for patient THES123_332.
No alive/dead information for patient THES123_333.
No alive/dead information for patient PFIC4_001.
No alive/dead information for patient PFIC4_002.
No alive/dead information for patient PFIC4_003.
No alive/dead information for patient PFIC4_004.
No alive/dead information for patient PFIC4_005.
No alive/dead information for patient PFIC4_006.
No alive/dead information for patient PFIC4_007.
No alive/dead information for patient PFIC4_020.
No alive/dead information for patient PFIC4_022.
No alive/dead information for patient PFIC4_023.
No alive/dead information for patient PFIC4_024.
No alive/dead information for patient PFIC4_025.
No alive/dead information for patient PFIC4_026.
No alive/dead information for patient PFIC4_027.
No alive/dead information for patient PFIC4_028.
No alive/dead information for patient PFIC4_029.
No alive/dead information for patient PFIC4_030.
No alive/dead information for patient PFIC4_031.
No alive/dead information for patient PFIC4_032.
No alive/dead information for patient PFIC4_033.
No alive/dead information for patient PFIC4_034.
No alive/dead information for patient PFIC4_035.
No alive/dead information for patient PFIC4_048.
No alive/dead information for patient PFIC4_049.
No alive/dead information for patient PFIC4_050.
No alive/dead information for patient PFIC4_051.
No alive/dead information for patient PFIC4_052.
No alive/dead information for patient PFIC4_053.
No alive/dead information for patient PFIC4_054.
No alive/dead information for patient PFIC4_055.
No alive/dead information for patient PFIC4_056.
No alive/dead information for patient PFIC4_057.
No alive/dead information for patient PFIC4_058.
No alive/dead information for patient PFIC4_059.
No alive/dead information for patient PFIC4_060.
No alive/dead information for patient PFIC4_061.
No alive/dead information for patient PFIC4_062.
No alive/dead information for patient PFIC4_063.
No alive/dead information for patient PFIC4_064.
No alive/dead information for patient PFIC4_065.
No alive/dead information for patient PFIC4_066.
No alive/dead information for patient PFIC10_022.
No alive/dead information for patient PFIC10_023.
No alive/dead information for patient CDG2P_001.
No alive/dead information for patient CDG2P_002.
No alive/dead information for patient CDG2P_003.
No alive/dead information for patient CDG2P_004.
Non-numeric age, , for patient ARCS_1990Deal4
Setting lastnewsageyear to null/none.
Non-numeric age, , for patient ARCS_1990Deal5
Setting lastnewsageyear to null/none.
Non-numeric age, , for patient ARCS_1997Coleman4
Setting lastnewsageyear to null/none.
Non-numeric age, , for patient ARCS_Denecke1
Setting lastnewsageyear to null/none.
Non-numeric age, , for patient ARCS_2000Abdullah1
Setting lastnewsageyear to null/none.
Non-numeric age, , for patient ARCS_2000Abdullah2
Setting lastnewsageyear to null/none.
Non-numeric age, , for patient ARCS_2000Abdullah3
Setting lastnewsageyear to null/none.
Non-numeric age, , for patient ARCS_2001Eastham1
Setting lastnewsageyear to null/none.
Non-numeric age, , for patient ARCS_2001Eastham2
Setting lastnewsageyear to null/none.
Non-numeric age, , for patient ARCS_2001Eastham3
Setting lastnewsageyear to null/none.
Non-numeric age, , for patient ARCS_2001Eastham4
Setting lastnewsageyear to null/none.
Non-numeric age, , for patient ARCS_2001Eastham5
Setting lastnewsageyear to null/none.
Non-numeric age, , for patient ARCS_2001Eastham6
Setting lastnewsageyear to null/none.
Non-numeric age, , for patient ARCS_2002Howells1
Setting lastnewsageyear to null/none.
Non-numeric age, , for patient ARCS_2003Kim1
Setting lastnewsageyear to null/none.
Non-numeric age, , for patient ARCS_2004Hayes1
Setting firstsymptomagemonth to null/none.
Non-numeric age, , for patient ARCS_2004Hayes1
Setting lastnewsageyear to null/none.
Non-numeric age, , for patient ARCS_2005Abu-Sada1
Setting lastnewsageyear to null/none.
Non-numeric age, , for patient ARCS_2005Abu-Sada2
Setting lastnewsageyear to null/none.
Non-numeric age, , for patient ARCS_2005Choi1
Setting lastnewsageyear to null/none.
Non-numeric age, , for patient ARCS_2006Gissen1.3agg
Setting lastnewsageyear to null/none.
Non-numeric age, , for patient ARCS_2006Gissen1.4agg
Setting lastnewsageyear to null/none.
Non-numeric age, , for patient ARCS_2006Gissen1.5agg
Setting lastnewsageyear to null/none.
Non-numeric age, , for patient ARCS_2006Gissen1.6agg
Setting lastnewsageyear to null/none.
Non-numeric age, , for patient ARCS_2006Gissen1.7agg
Setting lastnewsageyear to null/none.
Non-numeric age, , for patient ARCS_2006Gissen2.3agg
Setting lastnewsageyear to null/none.
Non-numeric age, , for patient ARCS_2006Gissen2.4agg
Setting lastnewsageyear to null/none.
Non-numeric age, , for patient ARCS_2006Gissen2.5agg
Setting lastnewsageyear to null/none.
Non-numeric age, , for patient ARCS_2006Gissen2.6agg
Setting lastnewsageyear to null/none.
Non-numeric age, , for patient ARCS_2006Gissen2.7agg
Setting lastnewsageyear to null/none.
Non-numeric age, , for patient ARCS_2006Gissen3.1agg
Setting lastnewsageyear to null/none.
Non-numeric age, , for patient ARCS_2006Gissen3.2agg
Setting lastnewsageyear to null/none.
Non-numeric age, , for patient ARCS_2006Gissen3.3agg
Setting lastnewsageyear to null/none.
Non-numeric age, , for patient ARCS_2006Gissen6.1agg
Setting lastnewsageyear to null/none.
Non-numeric age, , for patient ARCS_2006Gissen6.2agg
Setting lastnewsageyear to null/none.
Non-numeric age, , for patient ARCS_2006Gissen7.2agg
Setting lastnewsageyear to null/none.
Non-numeric age, , for patient ARCS_2006Gissen8.1
Setting lastnewsageyear to null/none.
Non-numeric age, , for patient ARCS_2006Gissen9.1
Setting lastnewsageyear to null/none.
Non-numeric age, , for patient ARCS_2006Gissen10.1
Setting alivedeadage to null/none.
Non-numeric age, , for patient ARCS_2006Gissen10.1
Setting lastnewsageyear to null/none.
Non-numeric age, , for patient ARCS_2006Gissen11.1
Setting alivedeadage to null/none.
Non-numeric age, , for patient ARCS_2006Gissen11.1
Setting lastnewsageyear to null/none.
Non-numeric age, , for patient ARCS_2006Gissen12.1
Setting alivedeadage to null/none.
Non-numeric age, , for patient ARCS_2006Gissen12.1
Setting lastnewsageyear to null/none.
Non-numeric age, , for patient ARCS_2006Gissen13.1
Setting lastnewsageyear to null/none.
Non-numeric age, , for patient ARCS_2006Gissen14.1
Setting lastnewsageyear to null/none.
Non-numeric age, , for patient ARCS_2006Gissen15.1
Setting lastnewsageyear to null/none.
Non-numeric age, , for patient ARCS_2006Gissen16.1agg
Setting lastnewsageyear to null/none.
Non-numeric age, , for patient ARCS_2006Gissen16.2agg
Setting lastnewsageyear to null/none.
Non-numeric age, , for patient ARCS_2006Gissen16.3agg
Setting lastnewsageyear to null/none.
Non-numeric age, , for patient ARCS_2006Gissen18.1
Setting lastnewsageyear to null/none.
Non-numeric age, , for patient ARCS_2006Gissen22.1
Setting lastnewsageyear to null/none.
Non-numeric age, , for patient ARCS_2006Gissen23.1agg
Setting lastnewsageyear to null/none.
Non-numeric age, , for patient ARCS_2006Gissen23.2agg
Setting lastnewsageyear to null/none.
Non-numeric age, , for patient ARCS_2006Gissen24.1agg
Setting lastnewsageyear to null/none.
Non-numeric age, , for patient ARCS_2006Gissen24.2agg
Setting lastnewsageyear to null/none.
Non-numeric age, , for patient ARCS_2006Gissen24.3agg
Setting lastnewsageyear to null/none.
Non-numeric age, , for patient ARCS_2006Gissen25.1
Setting lastnewsageyear to null/none.
Non-numeric age, , for patient ARCS_2006Gissen26.1
Setting lastnewsageyear to null/none.
Non-numeric age, , for patient ARCS_2006Gissen28.1
Setting lastnewsageyear to null/none.
Non-numeric age, , for patient ARCS_2006Gissen29.1agg
Setting lastnewsageyear to null/none.
Non-numeric age, , for patient ARCS_2006Gissen29.2agg
Setting lastnewsageyear to null/none.
Non-numeric age, , for patient ARCS_2006Gissen29.3agg
Setting lastnewsageyear to null/none.
Non-numeric age, , for patient ARCS_2006Gissen30.1
Setting lastnewsageyear to null/none.
Non-numeric age, , for patient ARCS_2006Gissen31.1
Setting lastnewsageyear to null/none.
Non-numeric age, , for patient ARCS_2006Gissen32.1
Setting lastnewsageyear to null/none.
Non-numeric age, , for patient ARCS_2006Gissen33.1
Setting lastnewsageyear to null/none.
Non-numeric age, , for patient ARCS_2006Gissen35.1
Setting lastnewsageyear to null/none.
Non-numeric age, , for patient ARCS_2006Ikezumi1
Setting lastnewsageyear to null/none.
Non-numeric age, , for patient ARCS_2006Ikezumi2
Setting lastnewsageyear to null/none.
Non-numeric age, , for patient ARCS_2007Taha1
Setting lastnewsageyear to null/none.
Non-numeric age, , for patient ARCS_2008Hershkovitz1
Setting lastnewsageyear to null/none.
Non-numeric age, , for patient ARCS_2008Hershkovitz2
Setting lastnewsageyear to null/none.
Non-numeric age, , for patient ARCS_2012SmithAB
Setting lastnewsageyear to null/none.
Non-numeric age, , for patient ARCS_2012SmithCD
Setting lastnewsageyear to null/none.
Non-numeric age, , for patient ARCS_2013Saadah1
Setting lastnewsageyear to null/none.
Non-numeric age, , for patient ARCS_2010Kim04
Setting lastnewsageyear to null/none.
Non-numeric age, , for patient ARCS_2014Wang
Setting lastnewsageyear to null/none.
Non-numeric age, , for patient ARCS_2014Seo04
Setting lastnewsageyear to null/none.
Non-numeric age, , for patient ARCS_2017Giraud
Setting lastnewsageyear to null/none.
Non-numeric age, , for patient ARCS_2017Mutlu
Setting lastnewsageyear to null/none.
Non-numeric age, , for patient ARCS_2017Moon
Setting lastnewsageyear to null/none.
Non-numeric age, , for patient ARCS_2016Weyand
Setting lastnewsageyear to null/none.
Non-numeric age, , for patient ARCS_2019Qiu02
Setting lastnewsageyear to null/none.
Non-numeric age, , for patient ARCS_2019Qiu03
Setting lastnewsageyear to null/none.
Non-numeric age, , for patient ARCS_2019Qiu04
Setting lastnewsageyear to null/none.
Non-numeric age, , for patient ARCS_2019Qiu05
Setting lastnewsageyear to null/none.
Non-numeric age, , for patient ARCS_2019Qiu06
Setting lastnewsageyear to null/none.
Non-numeric age, , for patient ARCS_2019Qiu07
Setting lastnewsageyear to null/none.
Non-numeric age, , for patient ARCS_2018Rosales
Setting lastnewsageyear to null/none.
Non-numeric age, , for patient ARCS_2013Dehghani
Setting lastnewsageyear to null/none.
Non-numeric age, , for patient ARCS_2019Castillo01
Setting lastnewsageyear to null/none.
Non-numeric age, , for patient ARCS_2019Castillo02
Setting lastnewsageyear to null/none.
Non-numeric age, , for patient ARCS_2019Tajik
Setting lastnewsageyear to null/none.
Non-numeric age, , for patient ARCS_2019Lee
Setting lastnewsageyear to null/none.
Non-numeric age, , for patient ARCS_2020Agakidou
Setting lastnewsageyear to null/none.
Non-numeric age, , for patient ARCS_2020IbrahimPoorReporting
Setting lastnewsageyear to null/none.
Non-numeric age, , for patient ARCS_2022Linhares01
Setting lastnewsageyear to null/none.
Non-numeric age, , for patient ARCS_2022Linhares02
Setting lastnewsageyear to null/none.
Non-numeric age, , for patient ARCS_2022Linhares03
Setting lastnewsageyear to null/none.
Non-numeric age, , for patient ARCS_2022Satomura02
Setting lastnewsageyear to null/none.
Non-numeric age, , for patient ARCS_2022Alsubaie
Setting lastnewsageyear to null/none.
Non-numeric age, , for patient ARCS_2014Ackermann
Setting lastnewsageyear to null/none.
  77 lists of symptoms with duplicate entries were corrected.
